[    0.000000] Initializing cgroup subsys cpuset
[    0.000000] Initializing cgroup subsys cpu
[    0.000000] Initializing cgroup subsys cpuacct
[    0.000000] Linux version 4.4.0-210-generic (buildd@lgw01-amd64-009) (gcc version 5.4.0 20160609 (Ubuntu 5.4.0-6ubuntu1~16.04.12) ) #242-Ubuntu SMP Fri Apr 16 09:57:56 UTC 2021 (Ubuntu 4.4.0-210.242-generic 4.4.262)
[    0.000000] Command line: BOOT_IMAGE=/boot/vmlinuz-4.4.0-210-generic root=LABEL=cloudimg-rootfs ro console=tty1 console=ttyS0
[    0.000000] KERNEL supported cpus:
[    0.000000]   Intel GenuineIntel
[    0.000000]   AMD AuthenticAMD
[    0.000000]   Centaur CentaurHauls
[    0.000000] x86/fpu: Legacy x87 FPU detected.
[    0.000000] e820: BIOS-provided physical RAM map:
[    0.000000] BIOS-e820: [mem 0x0000000000000000-0x000000000009fbff] usable
[    0.000000] BIOS-e820: [mem 0x000000000009fc00-0x000000000009ffff] reserved
[    0.000000] BIOS-e820: [mem 0x00000000000f0000-0x00000000000fffff] reserved
[    0.000000] BIOS-e820: [mem 0x0000000000100000-0x000000003ffeffff] usable
[    0.000000] BIOS-e820: [mem 0x000000003fff0000-0x000000003fffffff] ACPI data
[    0.000000] BIOS-e820: [mem 0x00000000fec00000-0x00000000fec00fff] reserved
[    0.000000] BIOS-e820: [mem 0x00000000fee00000-0x00000000fee00fff] reserved
[    0.000000] BIOS-e820: [mem 0x00000000fffc0000-0x00000000ffffffff] reserved
[    0.000000] NX (Execute Disable) protection: active
[    0.000000] SMBIOS 2.5 present.
[    0.000000] Hypervisor detected: KVM
[    0.000000] e820: last_pfn = 0x3fff0 max_arch_pfn = 0x400000000
[    0.000000] MTRR: Disabled
[    0.000000] x86/PAT: MTRRs disabled, skipping PAT initialization too.
[    0.000000] CPU MTRRs all blank - virtualized system.
[    0.000000] x86/PAT: Configuration [0-7]: WB  WT  UC- UC  WB  WT  UC- UC  
[    0.000000] found SMP MP-table at [mem 0x0009fff0-0x0009ffff] mapped at [ffff88000009fff0]
[    0.000000] Scanning 1 areas for low memory corruption
[    0.000000] RAMDISK: [mem 0x362dc000-0x37165fff]
[    0.000000] ACPI: Early table checksum verification disabled
[    0.000000] ACPI: RSDP 0x00000000000E0000 000024 (v02 VBOX  )
[    0.000000] ACPI: XSDT 0x000000003FFF0030 00003C (v01 VBOX   VBOXXSDT 00000001 ASL  00000061)
[    0.000000] ACPI: FACP 0x000000003FFF00F0 0000F4 (v04 VBOX   VBOXFACP 00000001 ASL  00000061)
[    0.000000] ACPI: DSDT 0x000000003FFF0470 002325 (v02 VBOX   VBOXBIOS 00000002 INTL 20100528)
[    0.000000] ACPI: FACS 0x000000003FFF0200 000040
[    0.000000] ACPI: FACS 0x000000003FFF0200 000040
[    0.000000] ACPI: APIC 0x000000003FFF0240 00005C (v02 VBOX   VBOXAPIC 00000001 ASL  00000061)
[    0.000000] ACPI: SSDT 0x000000003FFF02A0 0001CC (v01 VBOX   VBOXCPUT 00000002 INTL 20100528)
[    0.000000] No NUMA configuration found
[    0.000000] Faking a node at [mem 0x0000000000000000-0x000000003ffeffff]
[    0.000000] NODE_DATA(0) allocated [mem 0x3ffeb000-0x3ffeffff]
[    0.000000] kvm-clock: Using msrs 4b564d01 and 4b564d00
[    0.000000] kvm-clock: cpu 0, msr 0:3ffe3001, primary cpu clock
[    0.000000] kvm-clock: using sched offset of 3808567452 cycles
[    0.000000] clocksource: kvm-clock: mask: 0xffffffffffffffff max_cycles: 0x1cd42e4dffb, max_idle_ns: 881590591483 ns
[    0.000000] Zone ranges:
[    0.000000]   DMA      [mem 0x0000000000001000-0x0000000000ffffff]
[    0.000000]   DMA32    [mem 0x0000000001000000-0x000000003ffeffff]
[    0.000000]   Normal   empty
[    0.000000]   Device   empty
[    0.000000] Movable zone start for each node
[    0.000000] Early memory node ranges
[    0.000000]   node   0: [mem 0x0000000000001000-0x000000000009efff]
[    0.000000]   node   0: [mem 0x0000000000100000-0x000000003ffeffff]
[    0.000000] Initmem setup node 0 [mem 0x0000000000001000-0x000000003ffeffff]
[    0.000000] ACPI: PM-Timer IO Port: 0x4008
[    0.000000] IOAPIC[0]: apic_id 2, version 32, address 0xfec00000, GSI 0-23
[    0.000000] ACPI: INT_SRC_OVR (bus 0 bus_irq 0 global_irq 2 dfl dfl)
[    0.000000] ACPI: INT_SRC_OVR (bus 0 bus_irq 9 global_irq 9 low level)
[    0.000000] Using ACPI (MADT) for SMP configuration information
[    0.000000] smpboot: Allowing 2 CPUs, 0 hotplug CPUs
[    0.000000] PM: Registered nosave memory: [mem 0x00000000-0x00000fff]
[    0.000000] PM: Registered nosave memory: [mem 0x0009f000-0x0009ffff]
[    0.000000] PM: Registered nosave memory: [mem 0x000a0000-0x000effff]
[    0.000000] PM: Registered nosave memory: [mem 0x000f0000-0x000fffff]
[    0.000000] e820: [mem 0x40000000-0xfebfffff] available for PCI devices
[    0.000000] Booting paravirtualized kernel on KVM
[    0.000000] clocksource: refined-jiffies: mask: 0xffffffff max_cycles: 0xffffffff, max_idle_ns: 7645519600211568 ns
[    0.000000] setup_percpu: NR_CPUS:512 nr_cpumask_bits:512 nr_cpu_ids:2 nr_node_ids:1
[    0.000000] PERCPU: Embedded 33 pages/cpu @ffff88003fc00000 s95192 r8192 d31784 u1048576
[    0.000000] Built 1 zonelists in Node order, mobility grouping on.  Total pages: 257912
[    0.000000] Policy zone: DMA32
[    0.000000] Kernel command line: BOOT_IMAGE=/boot/vmlinuz-4.4.0-210-generic root=LABEL=cloudimg-rootfs ro console=tty1 console=ttyS0
[    0.000000] PID hash table entries: 4096 (order: 3, 32768 bytes)
[    0.000000] Memory: 997792K/1048120K available (8644K kernel code, 1332K rwdata, 4044K rodata, 1492K init, 1164K bss, 50328K reserved, 0K cma-reserved)
[    0.000000] SLUB: HWalign=64, Order=0-3, MinObjects=0, CPUs=2, Nodes=1
[    0.000000] Kernel/User page tables isolation: enabled
[    0.000000] Hierarchical RCU implementation.
[    0.000000] 	Build-time adjustment of leaf fanout to 64.
[    0.000000] 	RCU restricting CPUs from NR_CPUS=512 to nr_cpu_ids=2.
[    0.000000] RCU: Adjusting geometry for rcu_fanout_leaf=64, nr_cpu_ids=2
[    0.000000] NR_IRQS:33024 nr_irqs:440 16
[    0.000000] Console: colour VGA+ 80x25
[    0.000000] console [tty1] enabled
[    0.000000] console [ttyS0] enabled
[    0.000000] tsc: Detected 3998.850 MHz processor
[    0.632233] Calibrating delay loop (skipped) preset value.. 7997.70 BogoMIPS (lpj=15995400)
[    0.642585] pid_max: default: 32768 minimum: 301
[    0.648282] ACPI: Core revision 20150930
[    0.657466] ACPI: 2 ACPI AML tables successfully acquired and loaded
[    0.669496] Security Framework initialized
[    0.673987] Yama: becoming mindful.
[    0.677700] AppArmor: AppArmor initialized
[    0.682225] Dentry cache hash table entries: 131072 (order: 8, 1048576 bytes)
[    0.695821] Inode-cache hash table entries: 65536 (order: 7, 524288 bytes)
[    0.711222] Mount-cache hash table entries: 2048 (order: 2, 16384 bytes)
[    0.722557] Mountpoint-cache hash table entries: 2048 (order: 2, 16384 bytes)
[    0.735916] Initializing cgroup subsys io
[    0.739695] Initializing cgroup subsys memory
[    0.744428] Initializing cgroup subsys devices
[    0.749698] Initializing cgroup subsys freezer
[    0.757183] Initializing cgroup subsys net_cls
[    0.764827] Initializing cgroup subsys perf_event
[    0.771208] Initializing cgroup subsys net_prio
[    0.776127] Initializing cgroup subsys hugetlb
[    0.782247] Initializing cgroup subsys pids
[    0.787016] mce: CPU supports 0 MCE banks
[    0.791085] Last level iTLB entries: 4KB 1024, 2MB 1024, 4MB 1024
[    0.796855] Last level dTLB entries: 4KB 1024, 2MB 1024, 4MB 1024, 1GB 4
[    0.805237] Spectre V1 : Mitigation: usercopy/swapgs barriers and __user pointer sanitization
[    0.816654] Spectre V2 : Mitigation: Full generic retpoline
[    0.823610] Spectre V2 : Spectre v2 / SpectreRSB mitigation: Filling RSB on context switch
[    0.832674] Speculative Store Bypass: Vulnerable
[    0.838164] MDS: Mitigation: Clear CPU buffers
[    0.887756] Freeing SMP alternatives memory: 36K
[    0.982837] ftrace: allocating 32380 entries in 127 pages
[    1.700171] smpboot: APIC(0) Converting physical 0 to logical package 0
[    1.708105] smpboot: Max logical packages: 1
[    1.726154] ..TIMER: vector=0x30 apic1=0 pin1=2 apic2=-1 pin2=-1
[    1.841890] smpboot: CPU0: Intel(R) Core(TM) i7-4790K CPU @ 4.00GHz (family: 0x6, model: 0x3c, stepping: 0x3)
[    1.857416] Performance Events: unsupported p6 CPU model 60 no PMU driver, software events only.
[    2.002359] KVM setup paravirtual spinlock
[    2.009399] x86: Booting SMP configuration:
[    2.014012] .... node  #0, CPUs:      #1
[    2.019944] kvm-clock: cpu 1, msr 0:3ffe3041, secondary cpu clock
[    2.026069] mce: CPU supports 0 MCE banks
[    2.030420] TSC synchronization [CPU#0 -> CPU#1]:
[    2.035214] Measured 100994 cycles TSC warp between CPUs, turning off TSC clock.
[    2.042591] tsc: Marking TSC unstable due to check_tsc_sync_source failed
[    0.608043] x86: Booted up 1 node, 2 CPUs
[    0.612008] smpboot: Total of 2 processors activated (15995.40 BogoMIPS)
[    0.621183] devtmpfs: initialized
[    0.629905] evm: security.selinux
[    0.632014] evm: security.SMACK64
[    0.636007] evm: security.SMACK64EXEC
[    0.640018] evm: security.SMACK64TRANSMUTE
[    0.644006] evm: security.SMACK64MMAP
[    0.648006] evm: security.ima
[    0.652007] evm: security.capability
[    0.656306] clocksource: jiffies: mask: 0xffffffff max_cycles: 0xffffffff, max_idle_ns: 7645041785100000 ns
[    0.660023] futex hash table entries: 512 (order: 3, 32768 bytes)
[    0.664427] pinctrl core: initialized pinctrl subsystem
[    0.668400] RTC time:  9:01:50, date: 05/12/23
[    0.676980] NET: Registered protocol family 16
[    0.692024] cpuidle: using governor ladder
[    0.708015] cpuidle: using governor menu
[    0.712173] PCCT header not found.
[    0.716145] ACPI: bus type PCI registered
[    0.720008] acpiphp: ACPI Hot Plug PCI Controller Driver version: 0.5
[    0.724646] PCI: Using configuration type 1 for base access
[    0.744567] ACPI: Added _OSI(Module Device)
[    0.748010] ACPI: Added _OSI(Processor Device)
[    0.756009] ACPI: Added _OSI(3.0 _SCP Extensions)
[    0.760010] ACPI: Added _OSI(Processor Aggregator Device)
[    0.765405] ACPI: Executed 1 blocks of module-level executable AML code
[    0.778566] ACPI: Interpreter enabled
[    0.780033] ACPI: (supports S0 S5)
[    0.784007] ACPI: Using IOAPIC for interrupt routing
[    0.788340] PCI: Using host bridge windows from ACPI; if necessary, use "pci=nocrs" and report a bug
[    0.803467] ACPI: PCI Root Bridge [PCI0] (domain 0000 [bus 00-ff])
[    0.804019] acpi PNP0A03:00: _OSC: OS supports [ASPM ClockPM Segments MSI]
[    0.808715] acpi PNP0A03:00: _OSC: not requesting OS control; OS requires [ExtendedConfig ASPM ClockPM MSI]
[    0.812028] acpi PNP0A03:00: fail to add MMCONFIG information, can't access extended PCI configuration space under this bridge.
[    0.820629] PCI host bridge to bus 0000:00
[    0.824012] pci_bus 0000:00: root bus resource [io  0x0000-0x0cf7 window]
[    0.828009] pci_bus 0000:00: root bus resource [io  0x0d00-0xffff window]
[    0.832010] pci_bus 0000:00: root bus resource [mem 0x000a0000-0x000bffff window]
[    0.836009] pci_bus 0000:00: root bus resource [mem 0x40000000-0xfdffffff window]
[    0.840019] pci_bus 0000:00: root bus resource [bus 00-ff]
[    0.854084] pci 0000:00:01.1: legacy IDE quirk: reg 0x10: [io  0x01f0-0x01f7]
[    0.856011] pci 0000:00:01.1: legacy IDE quirk: reg 0x14: [io  0x03f6]
[    0.860011] pci 0000:00:01.1: legacy IDE quirk: reg 0x18: [io  0x0170-0x0177]
[    0.864009] pci 0000:00:01.1: legacy IDE quirk: reg 0x1c: [io  0x0376]
[    0.891239] pci 0000:00:07.0: quirk: [io  0x4000-0x403f] claimed by PIIX4 ACPI
[    0.892056] pci 0000:00:07.0: quirk: [io  0x4100-0x410f] claimed by PIIX4 SMB
[    0.910064] ACPI: PCI Interrupt Link [LNKA] (IRQs 5 9 10 *11)
[    0.924152] ACPI: PCI Interrupt Link [LNKB] (IRQs 5 9 *10 11)
[    0.933196] ACPI: PCI Interrupt Link [LNKC] (IRQs 5 *9 10 11)
[    0.941681] ACPI: PCI Interrupt Link [LNKD] (IRQs 5 9 10 *11)
[    0.948823] ACPI: Enabled 2 GPEs in block 00 to 07
[    0.952328] vgaarb: setting as boot device: PCI:0000:00:02.0
[    0.956000] vgaarb: device added: PCI:0000:00:02.0,decodes=io+mem,owns=io+mem,locks=none
[    0.956009] vgaarb: loaded
[    0.958654] vgaarb: bridge control possible 0000:00:02.0
[    0.960515] SCSI subsystem initialized
[    0.964196] ACPI: bus type USB registered
[    0.968082] usbcore: registered new interface driver usbfs
[    0.972048] usbcore: registered new interface driver hub
[    0.976025] usbcore: registered new device driver usb
[    0.984561] PCI: Using ACPI for IRQ routing
[    0.992176] NetLabel: Initializing
[    0.996014] NetLabel:  domain hash size = 128
[    1.000007] NetLabel:  protocols = UNLABELED CIPSOv4
[    1.004024] NetLabel:  unlabeled traffic allowed by default
[    1.008187] amd_nb: Cannot enumerate AMD northbridges
[    1.012396] clocksource: Switched to clocksource kvm-clock
[    1.040543] AppArmor: AppArmor Filesystem Enabled
[    1.040543] pnp: PnP ACPI init
[    1.040543] pnp: PnP ACPI: found 3 devices
[    1.101221] clocksource: acpi_pm: mask: 0xffffff max_cycles: 0xffffff, max_idle_ns: 2085701024 ns
[    1.104181] NET: Registered protocol family 2
[    1.114051] TCP established hash table entries: 8192 (order: 4, 65536 bytes)
[    1.121321] TCP bind hash table entries: 8192 (order: 5, 131072 bytes)
[    1.128245] TCP: Hash tables configured (established 8192 bind 8192)
[    1.131761] UDP hash table entries: 512 (order: 2, 16384 bytes)
[    1.131761] UDP-Lite hash table entries: 512 (order: 2, 16384 bytes)
[    1.131761] NET: Registered protocol family 1
[    1.131761] pci 0000:00:00.0: Limiting direct PCI/PCI transfers
[    1.131761] pci 0000:00:01.0: Activating ISA DMA hang workarounds
[    1.131761] Unpacking initramfs...
[    1.131761] Freeing initrd memory: 14888K
[    1.131761] RAPL PMU detected, API unit is 2^-32 Joules, 4 fixed counters 10737418240 ms ovfl timer
[    1.131761] hw unit of domain pp0-core 2^-0 Joules
[    1.131761] hw unit of domain package 2^-0 Joules
[    1.131761] hw unit of domain dram 2^-0 Joules
[    1.131761] hw unit of domain pp1-gpu 2^-0 Joules
[    1.131761] clocksource: tsc: mask: 0xffffffffffffffff max_cycles: 0x73483c51819, max_idle_ns: 881590446792 ns
[    1.131761] platform rtc_cmos: registered platform RTC device (no PNP device found)
[    1.131761] Scanning for low memory corruption every 60 seconds
[    1.549415] audit: initializing netlink subsys (disabled)
[    1.554852] audit: type=2000 audit(1683882115.803:1): initialized
[    1.561355] Initialise system trusted keyring
[    1.567172] HugeTLB registered 2 MB page size, pre-allocated 0 pages
[    1.575652] zbud: loaded
[    1.578936] VFS: Disk quotas dquot_6.6.0
[    1.582422] VFS: Dquot-cache hash table entries: 512 (order 0, 4096 bytes)
[    1.590370] squashfs: version 4.0 (2009/01/31) Phillip Lougher
[    1.597149] fuse init (API version 7.23)
[    1.602697] Key type big_key registered
[    1.606943] Allocating IMA MOK and blacklist keyrings.
[    1.625831] Key type asymmetric registered
[    1.630612] Asymmetric key parser 'x509' registered
[    1.635761] Block layer SCSI generic (bsg) driver version 0.4 loaded (major 249)
[    1.643447] io scheduler noop registered
[    1.647471] io scheduler deadline registered (default)
[    1.652630] io scheduler cfq registered
[    1.656179] pci_hotplug: PCI Hot Plug PCI Core version: 0.5
[    1.661347] pciehp: PCI Express Hot Plug Controller Driver version: 0.4
[    1.668219] ACPI: AC Adapter [AC] (on-line)
[    1.672236] input: Power Button as /devices/LNXSYSTM:00/LNXPWRBN:00/input/input0
[    1.679259] ACPI: Power Button [PWRF]
[    1.683109] input: Sleep Button as /devices/LNXSYSTM:00/LNXSLPBN:00/input/input1
[    1.689698] ACPI: Sleep Button [SLPF]
[    1.694295] GHES: HEST is not enabled!
[    1.699449] Serial: 8250/16550 driver, 32 ports, IRQ sharing enabled
[    1.731832] 00:02: ttyS0 at I/O 0x3f8 (irq = 4, base_baud = 115200) is a 16550A
[    1.756377] Linux agpgart interface v0.103
[    1.771425] loop: module loaded
[    1.778241] scsi host0: ata_piix
[    1.783113] scsi host1: ata_piix
[    1.786390] ata1: PATA max UDMA/33 cmd 0x1f0 ctl 0x3f6 bmdma 0xd000 irq 14
[    1.790314] ata2: PATA max UDMA/33 cmd 0x170 ctl 0x376 bmdma 0xd008 irq 15
[    1.800160] libphy: Fixed MDIO Bus: probed
[    1.804837] tun: Universal TUN/TAP device driver, 1.6
[    1.810688] tun: (C) 1999-2004 Max Krasnyansky <maxk@qualcomm.com>
[    1.817075] PPP generic driver version 2.4.2
[    1.821948] ehci_hcd: USB 2.0 'Enhanced' Host Controller (EHCI) Driver
[    1.827622] ehci-pci: EHCI PCI platform driver
[    1.831703] ehci-platform: EHCI generic platform driver
[    1.837441] ohci_hcd: USB 1.1 'Open' Host Controller (OHCI) Driver
[    1.844245] ohci-pci: OHCI PCI platform driver
[    1.849022] ohci-platform: OHCI generic platform driver
[    1.854375] uhci_hcd: USB Universal Host Controller Interface driver
[    1.858282] i8042: PNP: PS/2 Controller [PNP0303:PS2K,PNP0f03:PS2M] at 0x60,0x64 irq 1,12
[    1.871176] serio: i8042 KBD port at 0x60,0x64 irq 1
[    1.873506] serio: i8042 AUX port at 0x60,0x64 irq 12
[    1.885067] mousedev: PS/2 mouse device common for all mice
[    1.895057] rtc_cmos rtc_cmos: rtc core: registered rtc_cmos as rtc0
[    1.902060] input: AT Translated Set 2 keyboard as /devices/platform/i8042/serio0/input/input2
[    1.912212] rtc_cmos rtc_cmos: alarms up to one day, 114 bytes nvram
[    1.912230] i2c /dev entries driver
[    1.912357] device-mapper: uevent: version 1.0.3
[    1.912450] device-mapper: ioctl: 4.34.0-ioctl (2015-10-28) initialised: dm-devel@redhat.com
[    1.912468] ledtrig-cpu: registered to indicate activity on CPUs
[    1.932939] NET: Registered protocol family 10
[    1.936606] NET: Registered protocol family 17
[    1.936619] Key type dns_resolver registered
[    1.937092] registered taskstats version 1
[    1.937102] Loading compiled-in X.509 certificates
[    1.937759] Loaded X.509 cert 'Build time autogenerated kernel key: cf00e047681d67edb2720680708b7d9498083038'
[    1.937781] zswap: loaded using pool lzo/zbud
[    2.014582] Key type trusted registered
[    2.028309] Key type encrypted registered
[    2.034548] AppArmor: AppArmor sha1 policy hashing enabled
[    2.042919] ima: No TPM chip found, activating TPM-bypass!
[    2.049259] ima: Allocated hash algorithm: sha1
[    2.054563] evm: HMAC attrs: 0x1
[    2.061141]   Magic number: 7:808:19
[    2.065831] rtc_cmos rtc_cmos: setting system clock to 2023-05-12 09:01:52 UTC (1683882112)
[    2.074746] BIOS EDD facility v0.16 2004-Jun-25, 0 devices found
[    2.080687] EDD information not available.
[    2.088309] Freeing unused kernel memory: 1492K
[    2.104553] Write protecting the kernel read-only data: 14336k
[    2.111924] Freeing unused kernel memory: 1584K
[    2.117402] Freeing unused kernel memory: 52K
Loading, please wait...
starting version 229
[    2.149234] random: udevadm: uninitialized urandom read (16 bytes read, 5 bits of entropy available)
[    2.149365] random: systemd-udevd: uninitialized urandom read (16 bytes read, 5 bits of entropy available)
[    2.149463] random: systemd-udevd: uninitialized urandom read (16 bytes read, 5 bits of entropy available)
[    2.149496] random: systemd-udevd: uninitialized urandom read (16 bytes read, 5 bits of entropy available)
[    2.149514] random: systemd-udevd: uninitialized urandom read (16 bytes read, 5 bits of entropy available)
[    2.196173] random: udevadm: uninitialized urandom read (16 bytes read, 5 bits of entropy available)
[    2.214738] random: systemd-udevd: uninitialized urandom read (16 bytes read, 5 bits of entropy available)
[    2.217972] random: udevadm: uninitialized urandom read (16 bytes read, 5 bits of entropy available)
[    2.218028] random: udevadm: uninitialized urandom read (16 bytes read, 5 bits of entropy available)
[    2.218271] random: udevadm: uninitialized urandom read (16 bytes read, 5 bits of entropy available)
[    2.308396] e1000: Intel(R) PRO/1000 Network Driver - version 7.3.21-k8-NAPI
[    2.315948] e1000: Copyright (c) 1999-2006 Intel Corporation.
[    2.328586] Fusion MPT base driver 3.04.20
[    2.333013] Copyright (c) 1999-2008 LSI Corporation
[    2.381569] Fusion MPT SPI Host driver 3.04.20
[    2.618259] input: ImExPS/2 Generic Explorer Mouse as /devices/platform/i8042/serio1/input/input4
[    3.589564] e1000 0000:00:03.0 eth0: (PCI:33MHz:32-bit) 02:be:82:6b:cc:1d
[    3.596256] e1000 0000:00:03.0 eth0: Intel(R) PRO/1000 Network Connection
[    4.482712] e1000 0000:00:08.0 eth1: (PCI:33MHz:32-bit) 08:00:27:9e:34:06
[    4.489613] e1000 0000:00:08.0 eth1: Intel(R) PRO/1000 Network Connection
[    4.502889] e1000 0000:00:08.0 enp0s8: renamed from eth1
[    4.514640] mptbase: ioc0: Initiating bringup
[    4.521393] e1000 0000:00:03.0 enp0s3: renamed from eth0
[    4.582501] ioc0: LSI53C1030 A0: Capabilities={Initiator}
[    4.814894] scsi host2: ioc0: LSI53C1030 A0, FwRev=00000000h, Ports=1, MaxQ=256, IRQ=20
[    4.969211] scsi 2:0:0:0: Direct-Access     VBOX     HARDDISK         1.0  PQ: 0 ANSI: 5
[    4.977578] scsi target2:0:0: Beginning Domain Validation
[    4.992228] scsi target2:0:0: Domain Validation skipping write tests
[    4.998144] scsi target2:0:0: Ending Domain Validation
[    5.003956] scsi target2:0:0: asynchronous
[    5.010807] scsi 2:0:1:0: Direct-Access     VBOX     HARDDISK         1.0  PQ: 0 ANSI: 5
[    5.018154] scsi target2:0:1: Beginning Domain Validation
[    5.030367] scsi target2:0:1: Domain Validation skipping write tests
[    5.040160] scsi target2:0:1: Ending Domain Validation
[    5.045238] scsi target2:0:1: asynchronous
[    5.073168] sd 2:0:0:0: Attached scsi generic sg0 type 0
[    5.073626] sd 2:0:0:0: [sda] 83886080 512-byte logical blocks: (42.9 GB/40.0 GiB)
[    5.074742] sd 2:0:0:0: [sda] Write Protect is off
[    5.075311] sd 2:0:0:0: [sda] Incomplete mode parameter data
[    5.075312] sd 2:0:0:0: [sda] Assuming drive cache: write through
[    5.081499]  sda: sda1
[    5.083917] sd 2:0:0:0: [sda] Attached SCSI disk
[    5.115854] sd 2:0:1:0: [sdb] 20480 512-byte logical blocks: (10.5 MB/10.0 MiB)
[    5.123767] sd 2:0:1:0: Attached scsi generic sg1 type 0
[    5.129879] sd 2:0:1:0: [sdb] Write Protect is off
[    5.135648] sd 2:0:1:0: [sdb] Incomplete mode parameter data
[    5.141179] sd 2:0:1:0: [sdb] Assuming drive cache: write through
[    5.154992] sd 2:0:1:0: [sdb] Attached SCSI disk
Begin: Loading essential drivers ... [    6.844999] md: linear personality registered for level -1
[    6.853947] md: multipath personality registered for level -4
[    6.863372] md: raid0 personality registered for level 0
[    6.881894] md: raid1 personality registered for level 1
[    6.956479] raid6: sse2x1   gen() 10719 MB/s
[    7.029025] raid6: sse2x1   xor()  8442 MB/s
[    7.100297] raid6: sse2x2   gen() 14126 MB/s
[    7.172709] raid6: sse2x2   xor()  8995 MB/s
[    7.244400] raid6: sse2x4   gen() 16122 MB/s
[    7.316675] raid6: sse2x4   xor() 10854 MB/s
[    7.321136] raid6: using algorithm sse2x4 gen() 16122 MB/s
[    7.326891] raid6: .... xor() 10854 MB/s, rmw enabled
[    7.332117] raid6: using ssse3x2 recovery algorithm
[    7.338809] xor: measuring software checksum speed
[    7.380319]    prefetch64-sse: 24553.000 MB/sec
[    7.424078]    generic_sse: 19772.000 MB/sec
[    7.428042] xor: using function: prefetch64-sse (24553.000 MB/sec)
[    7.437436] async_tx: api initialized (async)
[    7.486790] md: raid6 personality registered for level 6
[    7.492680] md: raid5 personality registered for level 5
[    7.499473] md: raid4 personality registered for level 4
[    7.527127] md: raid10 personality registered for level 10
done.
Begin: Running /scripts/init-premount ... done.
Begin: Mounting root file system ... Begin: Running /scripts/local-top ... done.
Begin: Running /scripts/local-premount ... [    7.621594] Btrfs loaded
Scanning for Btrfs filesystems
done.
Warning: fsck not present, so skipping root file system
[    7.684885] EXT4-fs (sda1): mounted filesystem with ordered data mode. Opts: (null)
done.
Begin: Running /scripts/local-bottom ... done.
Begin: Running /scripts/init-bottom ... done.
[    7.871477] systemd[1]: systemd 229 running in system mode. (+PAM +AUDIT +SELINUX +IMA +APPARMOR +SMACK +SYSVINIT +UTMP +LIBCRYPTSETUP +GCRYPT +GNUTLS +ACL +XZ -LZ4 +SECCOMP +BLKID +ELFUTILS +KMOD -IDN)
[    7.888408] systemd[1]: Detected virtualization oracle.
[    7.894025] systemd[1]: Detected architecture x86-64.

Welcome to [1mUbuntu 16.04.7 LTS[0m!

[    7.911256] systemd[1]: Set hostname to <ubuntu>.
[    7.923915] systemd[1]: Initializing machine ID from random generator.
[    7.930458] systemd[1]: Installed transient /etc/machine-id file.
[    8.176250] systemd[1]: Created slice System Slice.
[[0;32m  OK  [0m] Created slice System Slice.
[    8.187401] systemd[1]: Listening on /dev/initctl Compatibility Named Pipe.
[[0;32m  OK  [0m] Listening on /dev/initctl Compatibility Named Pipe.
[    8.200935] systemd[1]: Listening on udev Kernel Socket.
[[0;32m  OK  [0m] Listening on udev Kernel Socket.
[    8.212666] systemd[1]: Reached target Swap.
[[0;32m  OK  [0m] Reached target Swap.
[    8.222454] systemd[1]: Listening on Syslog Socket.
[[0;32m  OK  [0m] Listening on Syslog Socket.
[    8.233205] systemd[1]: Set up automount Arbitrary Executable File Formats File System Automount Point.
[[0;32m  OK  [0m] Set up automount Arbitrary Executab...ats File System Automount Point.
[    8.251002] systemd[1]: Reached target User and Group Name Lookups.
[[0;32m  OK  [0m] Reached target User and Group Name Lookups.
[    8.263026] systemd[1]: Reached target Encrypted Volumes.
[[0;32m  OK  [0m] Reached target Encrypted Volumes.
[    8.274795] systemd[1]: Listening on udev Control Socket.
[[0;32m  OK  [0m] Listening on udev Control Socket.
[    8.285865] systemd[1]: Listening on Journal Audit Socket.
[[0;32m  OK  [0m] Listening on Journal Audit Socket.
[    8.297655] systemd[1]: Started Forward Password Requests to Wall Directory Watch.
[[0;32m  OK  [0m] Started Forward Password Requests to Wall Directory Watch.
[    8.312821] systemd[1]: Created slice system-serial\x2dgetty.slice.
[[0;32m  OK  [0m] Created slice system-serial\x2dgetty.slice.
[    8.325491] systemd[1]: Reached target System Time Synchronized.
[[0;32m  OK  [0m] Reached target System Time Synchronized.
[    8.338679] systemd[1]: Started Trigger resolvconf update for networkd DNS.
[[0;32m  OK  [0m] Started Trigger resolvconf update for networkd DNS.
[    8.351783] systemd[1]: Listening on fsck to fsckd communication Socket.
[[0;32m  OK  [0m] Listening on fsck to fsckd communication Socket.
[    8.364344] systemd[1]: Listening on Journal Socket (/dev/log).
[[0;32m  OK  [0m] Listening on Journal Socket (/dev/log).
[    8.377664] systemd[1]: Listening on LVM2 metadata daemon socket.
[[0;32m  OK  [0m] Listening on LVM2 metadata daemon socket.
[    8.390415] systemd[1]: Listening on Device-mapper event daemon FIFOs.
[[0;32m  OK  [0m] Listening on Device-mapper event daemon FIFOs.
[    8.403828] systemd[1]: Listening on Journal Socket.
[[0;32m  OK  [0m] Listening on Journal Socket.
[    8.433680] systemd[1]: Starting Uncomplicated firewall...
         Starting Uncomplicated firewall...
[    8.447751] systemd[1]: Starting Set console keymap...
         Starting Set console keymap...
[    8.462053] systemd[1]: Starting Nameserver information manager...
         Starting Nameserver information manager...
[    8.475118] systemd[1]: Starting Monitoring of LVM2 mirrors, snapshots etc. using dmeventd or progress polling...
         Starting Monitoring of LVM2 mirrors... dmeventd or progress polling...
[    8.503381] systemd[1]: Starting Load Kernel Modules...
         Starting Load Kernel Modules...
[    8.521998] systemd[1]: Starting File System Check on Root Device...
         Starting File System Check on Root Device...
[    8.541157] systemd[1]: Starting Journal Service...
         Starting Journal Service...
[    8.557763] Loading iSCSI transport class v2.0-870.
[    8.566517] systemd[1]: Mounting Debug File System...
         Mounting Debug File System...
[    8.585093] systemd[1]: Mounting POSIX Message Queue File System...
         Mounting POSIX Message Queue File System...
[    8.600238] systemd[1]: Starting Create list of required static device nodes for the current kernel...
         Starting Create list of required st... nodes for the current kernel...
[    8.621826] iscsi: registered transport (tcp)
[    8.625680] systemd[1]: Mounting Huge Pages File System...
         Mounting Huge Pages File System...
[    8.639607] systemd[1]: Listening on LVM2 poll daemon socket.
[[0;32m  OK  [0m] Listening on LVM2 poll daemon socket.
[    8.652004] systemd[1]: Created slice User and Session Slice.
[[0;32m  OK  [0m] Created slice User and Session Slice.
[    8.669270] systemd[1]: Reached target Slices.
[[0;32m  OK  [0m] Reached target Slices.
[    8.709520] systemd[1]: Mounted Huge Pages File System.
[[0;32m  OK  [0m] Mounted Huge Pages File System.
[    8.726752] systemd[1]: Mounted POSIX Message Queue File System.
[    8.735772] iscsi: registered transport (iser)
[[0;32m  OK  [0m] Mounted POSIX Message Queue File System.
[    8.745651] systemd[1]: Mounted Debug File System.
[[0;32m  OK  [0m] Mounted Debug File System.
[    8.756569] systemd[1]: Started Journal Service.
[[0;32m  OK  [0m] Started Journal Service.
[[0;32m  OK  [0m] Started Uncomplicated firewall.
[[0;32m  OK  [0m] Started Set console keymap.
[[0;32m  OK  [0m] Started Load Kernel Modules.
[[0;32m  OK  [0m] Started File System Check on Root Device.
[[0;32m  OK  [0m] Started Create list of required sta...ce nodes for the current kernel.
[[0;32m  OK  [0m] Started Nameserver information manager.
[[0;32m  OK  [0m] Started File System Check Daemon to report status.
[[0;32m  OK  [0m] Started LVM2 metadata daemon.
         Starting Create Static Device Nodes in /dev...
         Starting Remount Root and Kernel File Systems...
[    8.874139] EXT4-fs (sda1): re-mounted. Opts: (null)
         Mounting FUSE Control File System...
         Starting Apply Kernel Variables...
[[0;32m  OK  [0m] Mounted FUSE Control File System.
[[0;32m  OK  [0m] Started Create Static Device Nodes in /dev.
[[0;32m  OK  [0m] Started Remount Root and Kernel File Systems.
[[0;32m  OK  [0m] Started Apply Kernel Variables.
         Starting Flush Journal to Persistent Storage...
         Starting udev Coldplug all Devices...
         Starting Load/Save Random Seed...
         Starting udev Kernel Device Manager...
[[0;32m  OK  [0m] Started Load/Save Random Seed.
[[0;32m  OK  [0m] Started Flush Journal to Persistent Storage.
[[0;32m  OK  [0m] Started udev Coldplug all Devices.
[[0;32m  OK  [0m] Started udev Kernel Device Manager.
[[0;32m  OK  [0m] Started Dispatch Password Requests to Console Directory Watch.
[[0;32m  OK  [0m] Started Monitoring of LVM2 mirrors,...ng dmeventd or progress polling.
[[0;32m  OK  [0m] Reached target Local File Systems (Pre).
[[0;32m  OK  [0m] Reached target Local File Systems.
         Starting Set console font and keymap...
         Starting Create Volatile Files and Directories...
         Starting Tell Plymouth To Write Out Runtime Data...
         Starting Commit a transient machine-id on disk...
         Starting Initial cloud-init job (pre-networking)...
         Starting LSB: AppArmor initialization...
[[0;32m  OK  [0m] Started Create Volatile Files and Directories.
[[0;32m  OK  [0m] Started Tell Plymouth To Write Out Runtime Data.
[[0;32m  OK  [0m] Started Commit a transient machine-id on disk.
         Starting Update UTMP about System Boot/Shutdown...
[[0;32m  OK  [0m] Found device /dev/ttyS0.
[[0;32m  OK  [0m] Started Update UTMP about System Boot/Shutdown.
[[0;32m  OK  [0m] Listening on Load/Save RF Kill Switch Status /dev/rfkill Watch.
[[0;32m  OK  [0m] Started LSB: AppArmor initialization.
         Starting Load AppArmor profiles managed internally by snapd...
[   11.183701] cloud-init[495]: Cloud-init v. 21.1-19-gbad84ad4-0ubuntu1~16.04.2 running 'init-local' at Fri, 12 May 2023 09:02:01 +0000. Up 10.81 seconds.
[[0;32m  OK  [0m] Started Load AppArmor profiles managed internally by snapd.
[[0;32m  OK  [0m] Started Initial cloud-init job (pre-networking).
[[0;32m  OK  [0m] Reached target Network (Pre).
         Starting Raise network interfaces...
[[0;32m  OK  [0m] Started Set console font and keymap.
[[0;32m  OK  [0m] Created slice system-getty.slice.
[[0;32m  OK  [0m] Started Raise network interfaces.
         Starting Initial cloud-init job (metadata service crawler)...
[[0;32m  OK  [0m] Reached target Network.
[   13.141954] cloud-init[939]: Cloud-init v. 21.1-19-gbad84ad4-0ubuntu1~16.04.2 running 'init' at Fri, 12 May 2023 09:02:02 +0000. Up 12.56 seconds.
[   13.149860] cloud-init[939]: ci-info: ++++++++++++++++++++++++++++++++++++++Net device info+++++++++++++++++++++++++++++++++++++++
[   13.156992] cloud-init[939]: ci-info: +--------+-------+----------------------------+---------------+--------+-------------------+
[   13.162566] cloud-init[939]: ci-info: | Device |   Up  |          Address           |      Mask     | Scope  |     Hw-Address    |
[   13.168808] cloud-init[939]: ci-info: +--------+-------+----------------------------+---------------+--------+-------------------+
[   13.174803] cloud-init[939]: ci-info: | enp0s3 |  True |         10.0.2.15          | 255.255.255.0 | global | 02:be:82:6b:cc:1d |
[   13.181647] cloud-init[939]: ci-info: | enp0s3 |  True | fe80::be:82ff:fe6b:cc1d/64 |       .       |  link  | 02:be:82:6b:cc:1d |
[   13.187573] cloud-init[939]: ci-info: | enp0s8 | False |             .              |       .       |   .    | 08:00:27:9e:34:06 |
[   13.193672] cloud-init[939]: ci-info: |   lo   |  True |         127.0.0.1          |   255.0.0.0   |  host  |         .         |
[   13.200038] cloud-init[939]: ci-info: |   lo   |  True |          ::1/128           |       .       |  host  |         .         |
[   13.206305] cloud-init[939]: ci-info: +--------+-------+----------------------------+---------------+--------+-------------------+
[   13.213034] cloud-init[939]: ci-info: +++++++++++++++++++++++++++Route IPv4 info++++++++++++++++++++++++++++
[   13.219043] cloud-init[939]: ci-info: +-------+-------------+----------+---------------+-----------+-------+
[   13.225353] cloud-init[939]: ci-info: | Route | Destination | Gateway  |    Genmask    | Interface | Flags |
[   13.231443] cloud-init[939]: ci-info: +-------+-------------+----------+---------------+-----------+-------+
[   13.237958] cloud-init[939]: ci-info: |   0   |   0.0.0.0   | 10.0.2.2 |    0.0.0.0    |   enp0s3  |   UG  |
[   13.243882] cloud-init[939]: ci-info: |   1   |   10.0.2.0  | 0.0.0.0  | 255.255.255.0 |   enp0s3  |   U   |
[   13.250420] cloud-init[939]: ci-info: +-------+-------------+----------+---------------+-----------+-------+
[   13.256317] cloud-init[939]: ci-info: +++++++++++++++++++Route IPv6 info+++++++++++++++++++
[   13.262100] cloud-init[939]: ci-info: +-------+-------------+---------+-----------+-------+
[   13.267987] cloud-init[939]: ci-info: | Route | Destination | Gateway | Interface | Flags |
[   13.274263] cloud-init[939]: ci-info: +-------+-------------+---------+-----------+-------+
[   13.279963] cloud-init[939]: ci-info: |   0   |  fe80::/64  |    ::   |   enp0s3  |   U   |
[   13.286064] cloud-init[939]: ci-info: |   3   |   ff00::/8  |    ::   |   enp0s3  |   U   |
[   13.291712] cloud-init[939]: ci-info: +-------+-------------+---------+-----------+-------+
[   13.297609] cloud-init[939]: Generating public/private rsa key pair.
[   13.302452] cloud-init[939]: Your identification has been saved in /etc/ssh/ssh_host_rsa_key.
[   13.308250] cloud-init[939]: Your public key has been saved in /etc/ssh/ssh_host_rsa_key.pub.
[   13.313688] cloud-init[939]: The key fingerprint is:
[   13.317719] cloud-init[939]: SHA256:GGDOi/uvKX12PoNpc5jsC2Q6Y5Xl/XgIeCLz0Vmfk3o root@ubuntu-xenial
[   13.323385] cloud-init[939]: The key's randomart image is:
[   13.328324] cloud-init[939]: +---[RSA 2048]----+
[   13.332675] cloud-init[939]: |    o            |
[   13.336967] cloud-init[939]: |   + .           |
[   13.340862] cloud-init[939]: |    o o .        |
[[0;32m  OK  [0m] Started Initial cloud-init job (metadata service crawler).
[[0;32m  OK  [0m] Reached target Network is Online.
[   13.344322] cloud-init[939]: |   . B * . o     |
[   13.353222] cloud-init[939]: |  + X B S =      |
[   13.356774] cloud-init[939]: |   X + . = .     |
         Starting iSCSI initiator daemon (iscsid)...
[[0;32m  OK  [0m] Reached target Cloud-config availability.
[[0;32m  OK  [0m] Reached target System Initialization.
[[0;32m  OK  [0m] Started Daily apt download activities.
[[0;32m  OK  [0m] Started Message of the Day.
[   13.360126] cloud-init[939]: |  *.o. =+ E      |
[[0;32m  OK  [0m] Started ACPI Events Check.
[[0;32m  OK  [0m] Reached target Paths.
[[0;32m  OK  [0m] Started Daily apt upgrade and clean activities.
         Starting Socket activation for snappy daemon.
[[0;32m  OK  [0m] Started Daily Cleanup of Temporary Directories.
[   13.374060] cloud-init[939]: | ..+.o@ =o       |
[   13.388670]          Starting LXD - unix socket.
[[0;32m  OK  [0m] Listening on D-Bus System Message Bus Socket.
[[0;32m  OK  [0m] Started Ubuntu Advantage update messaging.
[[0;32m  OK  [0m] Reached target Timers.
[[0;32m  OK  [0m] Listening on UUID daemon activation socket.
[[0;32m  OK  [0m] Listening on ACPID Listen Socket.
[[0;32m  OK  [0m] Listening on Socket activation for snappy daemon.
[[0;32m  OK  [0m] Listening on LXD - unix socket.
[[0;32m  OK  [0m] Reached target Sockets.
[[0;32m  OK  [0m] Reached target Basic System.
         Starting Virtualbox guest utils...
         Starting LSB: Record successful boot for GRUB...
         Starting Accounts Service...
[[0;32m  OK  [0m] Started D-Bus System Message Bus.
cloud-init[939]: |   .+B+*.o       |
[   13.425900] cloud-init[939]: +----[SHA256]-----+
[   13.439929] cloud-init[939]: Generating public/private dsa key pair.
[   13.451346] cloud-init[939]: Your identification has been saved in /etc/ssh/ssh_host_dsa_key.
[   13.461750] cloud-init[939]: Your public key has been saved in /etc/ssh/ssh_host_dsa_key.pub.
[   13.471718]          Starting LSB: MD monitoring daemon...
[[0;32m  OK  [0m] Started FUSE filesystem for LXC.
         Starting System Logging Service...
cloud-init[[0;32m  OK  [0m] Started Regular background program processing daemon.
         Starting LXD - container startup/shutdown...
         Starting /etc/rc.local Compatibility...
         Starting Snap Daemon...
[[0;32m  OK  [0m] Started Deferred execution scheduler.
         Starting Pollinate to seed the pseudo random number generator...
[[0;32m  OK  [0m] Started ACPI event daemon.
         Starting Login Service...
[[0;32m  OK  [0m] Started /etc/rc.local Compatibility.
[939]: The key fingerprint is:
         Starting Authenticate and Authorize Users to Run Privileged Tasks...
[[0;32m  OK  [0m] Started iSCSI initiator daemon (iscsid).
         Starting Login to default iSCSI targets...
[   13.577176] cloud-init[939]: SHA256:QP4vOYc0xs5DHteDmaCE3gxR1qkuDXc96kXVbfrAYMc root@ubuntu-xenial
[   13.618411] cloud-init[939]: The key's randomart image is:
[[0;32m  OK  [0m[   13.626869] cloud-init[939]: +---[DSA 1024]----+
[   13.629822] cloud-init[939]: |    ..+. .   o . |
[   13.629857] cloud-init[939]: |     *  o   + E o|
[   13.630314] cloud-init[939]: |    o +... o + o |
[   13.630716] cloud-init[939]: |   ..=o=..+=  +  |
[   13.631158] cloud-init[939]: |    .=+.So=.o  o |
[   13.631547] cloud-init[939]: |    . oB.B.  .  .|
[   13.631923] cloud-init[939]: |     . .X.o      |
[   13.642703] cloud-init[939]: |        .=       |
[   13.642767] cloud-init[939]: |                 |
[   13.642832] cloud-init[939]: +----[SHA256]-----+
[   13.642866] cloud-init[939]: Generating public/private ecdsa key pair.
[   13.648276] cloud-init[939]: Your identification has been saved in /etc/ssh/ssh_host_ecdsa_key.
[   13.649233] cloud-init[939]: Your public key has been saved in /etc/ssh/ssh_host_ecdsa_key.pub.
[   13.649655] cloud-init[939]: The key fingerprint is:
[   13.650194] cloud-init[939]: SHA256:khpjb3xKYnHFXQuTlzzg5PWb6lQUhlXgc31AyOcZKYI root@ubuntu-xenial
[   13.650577] cloud-init[939]: The key's randomart image is:
[   13.650902] cloud-init[939]: +---[ECDSA 256]---+
[   13.651238] cloud-init[939]: |         .==o*B+.|
[   13.651579] cloud-init[939]: |       .E=o=X=+o.|
[   13.652017] cloud-init[939]: |        o +o.==o+|
[   13.652930] cloud-init[939]: |       o     .o=.|
[   13.653263] cloud-init[939]: |    = + S     +  |
[   13.653650] cloud-init[939]: |   . O .     o   |
[   13.653964] cloud-init[939]: |    + = .   o    |
[   13.654335] cloud-init[939]: |   . + o   o     |
[   13.654835] cloud-init[939]: |      .     .    |
[   13.655168] cloud-init[939]: +----[SHA256]-----+
[   13.655228] cloud-init[939]: Generating public/private ed25519 key pair.
[   13.655260] cloud-init[939]: Your identification has been saved in /etc/ssh/ssh_host_ed25519_key.
[   13.655287] cloud-init[939]: Your public key has been saved in /etc/ssh/ssh_host_ed25519_key.pub.
[   13.655340] cloud-init[939]: The key fingerprint is:
] Started LSB: Record successful boot for GRUB.
[   13.686658] cloud-init[939]: SHA256:GZJpM4SkfUMdOBI9LcpkOr8V0/VaQYRLGZ/cDRzfhM4 root@ubuntu-xenial
[   13.717250] cloud-init[939]: The key's randomart image is:
[   13.717438] cloud-init[939]: +--[ED25519 256]--+
[   13.717479] cloud-init[939]: |   .o+o+...*o.oo.|
[   13.717513] cloud-init[939]: |   o=o*oo =o.oo=.|
[   13.718136] cloud-init[939]: |  .=.oX=.o o++. +|
[   13.718291] cloud-init[939]: |  o ooo=.o. o E  |
[   13.718633] cloud-init[939]: |   o   oS  o     |
[   13.719049] cloud-init[939]: |    . .   .      |
[   13.719440] cloud-init[939]: |     o           |
[   13.719805] cloud-init[939]: |    .            |
[   13.726915] cloud-init[939]: |                 |
[   13.727260] cloud-init[939]: +----[SHA256]-----+
[[0;32m  OK  [0m] Started System Logging Service.
[[0;32m  OK  [0m] Started Login to default iSCSI targets.
[[0;32m  OK  [0m] Reached target Remote File Systems (Pre).
[[0;32m  OK  [0m] Reached target Remote File Systems.
         Starting LSB: Set the CPU Frequency Scaling governor to "ondemand"...
         Starting Permit User Sessions...
         Starting LSB: daemon to balance interrupts for SMP systems...
         Starting LSB: automatic crash report generation...
[[0;32m  OK  [0m] Started Permit User Sessions.
[[0;32m  OK  [0m] Started Login Service.
[[0;32m  OK  [0m] Started Authenticate and Authorize Users to Run Privileged Tasks.
[[0;32m  OK  [0m] Started Accounts Service.
[[0;32m  OK  [0m] Started Unattended Upgrades Shutdown.
         Starting Terminate Plymouth Boot Screen...
         Starting Hold until boot process finishes up...
[[0;32m  OK  [0m] Started Terminate Plymouth Boot Screen.
[[0;32m  OK  [0m] Started Hold until boot process finishes up.
         Starting Set console scheme...
[[0;32m  OK  [0m] Started Serial Getty on ttyS0.
[[0;32m  OK  [0m] Started Getty on tty1.
[[0;32m  OK  [0m] Reached target Login Prompts.
[[0;32m  OK  [0m] Started LSB: MD monitoring daemon.
[[0;32m  OK  [0m] Started Set console scheme.
[[0;32m  OK  [0m] Started LSB: Set the CPU Frequency Scaling governor to "ondemand".
[[0;32m  OK  [0m] Started Virtualbox guest utils.
[[0;32m  OK  [0m] Started LSB: daemon to balance interrupts for SMP systems.
[[0;32m  OK  [0m] Started LSB: automatic crash report generation.
[[0;32m  OK  [0m] Started LXD - container startup/shutdown.
[[0;32m  OK  [0m] Started Pollinate to seed the pseudo random number generator.
         Starting OpenBSD Secure Shell server...
[[0;32m  OK  [0m] Started OpenBSD Secure Shell server.
[[0;32m  OK  [0m] Started Snap Daemon.
         Starting Wait until snapd is fully seeded...
[[0;32m  OK  [0m] Started Wait until snapd is fully seeded.
         Starting Apply the settings specified in cloud-config...
[[0;32m  OK  [0m] Reached target Multi-User System.
[[0;32m  OK  [0m] Reached target Graphical Interface.
         Starting Update UTMP about System Runlevel Changes...
[[0;32m  OK  [0m] Started Update UTMP about System Runlevel Changes.
[   15.434401] cloud-init[1288]: Generating locales (this might take a while)...
[   16.567746] cloud-init[1288]:   en_US.UTF-8... done
[   16.572948] cloud-init[1288]: Generation complete.
[   16.922454] cloud-init[1288]: Cloud-init v. 21.1-19-gbad84ad4-0ubuntu1~16.04.2 running 'modules:config' at Fri, 12 May 2023 09:02:05 +0000. Up 15.32 seconds.
[[0;32m  OK  [0m] Started Apply the settings specified in cloud-config.
         Starting Execute cloud user/final scripts...
ci-info: no authorized SSH keys fingerprints found for user ubuntu.
<14>May 12 09:02:07 ec2: 
<14>May 12 09:02:07 ec2: #############################################################
<14>May 12 09:02:07 ec2: -----BEGIN SSH HOST KEY FINGERPRINTS-----
<14>May 12 09:02:07 ec2: 1024 SHA256:QP4vOYc0xs5DHteDmaCE3gxR1qkuDXc96kXVbfrAYMc root@ubuntu-xenial (DSA)
<14>May 12 09:02:07 ec2: 256 SHA256:khpjb3xKYnHFXQuTlzzg5PWb6lQUhlXgc31AyOcZKYI root@ubuntu-xenial (ECDSA)
<14>May 12 09:02:07 ec2: 256 SHA256:GZJpM4SkfUMdOBI9LcpkOr8V0/VaQYRLGZ/cDRzfhM4 root@ubuntu-xenial (ED25519)
<14>May 12 09:02:07 ec2: 2048 SHA256:GGDOi/uvKX12PoNpc5jsC2Q6Y5Xl/XgIeCLz0Vmfk3o root@ubuntu-xenial (RSA)
<14>May 12 09:02:07 ec2: -----END SSH HOST KEY FINGERPRINTS-----
<14>May 12 09:02:07 ec2: #############################################################
-----BEGIN SSH HOST KEY KEYS-----
ecdsa-sha2-nistp256 AAAAE2VjZHNhLXNoYTItbmlzdHAyNTYAAAAIbmlzdHAyNTYAAABBBFhJVIi+F4IddrfNuvWSsWp+yth0EXEhIAmipY4Wso9tYQJ+J9uu0MydAXLVWiXgr7arPGtsnYo/xF6CBUizY0Q= root@ubuntu-xenial
ssh-ed25519 AAAAC3NzaC1lZDI1NTE5AAAAID0n7XZWQnvNXI7ioACdjAp7nImV+iweA/w3MwjrfKXc root@ubuntu-xenial
ssh-rsa AAAAB3NzaC1yc2EAAAADAQABAAABAQDPHLEpE8RM1m9g7ozSGdov9oCVevC+E6LxdYE4mG0zq7yBtt6GQiE35cdCQJhViZcKZ1tDqI8xyQHNGN7JMG7MdI0mWZgculTjnlBBm3GBCTfJjwz53kiGd8+y5vIl0BdpI/nuE9P1p+72g2k515+6pMp9+o0FR/pT85SNDdDP7jgQLlRuqmvE4cVi2KaksVTgVlXn8Xy4JU1B/6NlmZh0QEXBxIpN74WsgTK40LFgsSDKyf5ocCVcWGqW5C6Jpo+3xoDa2BA0MoeA9DO+BHVp5oUNG9YTdeLwxWtl4VIIfRqObnDE5zeqTQAqBlLldSJh0P+35/ad/+ARZ55qnuKz root@ubuntu-xenial
-----END SSH HOST KEY KEYS-----
[   17.433003] cloud-init[1332]: Cloud-init v. 21.1-19-gbad84ad4-0ubuntu1~16.04.2 running 'modules:final' at Fri, 12 May 2023 09:02:07 +0000. Up 17.23 seconds.
[   17.442470] cloud-init[1332]: ci-info: no authorized SSH keys fingerprints found for user ubuntu.
[   17.451181] cloud-init[1332]: Cloud-init v. 21.1-19-gbad84ad4-0ubuntu1~16.04.2 finished at Fri, 12 May 2023 09:02:07 +0000. Datasource DataSourceNoCloud [seed=/dev/sdb][dsmode=net].  Up 17.42 seconds
[[0;32m  OK  [0m] Started Execute cloud user/final scripts.
[[0;32m  OK  [0m] Reached target Cloud-init target.

Ubuntu 16.04.7 LTS ubuntu-xenial ttyS0

ubuntu-xenial login: 